{"C:\\Users\\HTML - Not - Aluno12\\Desktop\\Caio\\string-utils\\index.js":{"path":"C:\\Users\\HTML - Not - Aluno12\\Desktop\\Caio\\string-utils\\index.js","s":{"1":1,"2":4,"3":2,"4":2,"5":1,"6":1,"7":1,"8":1,"9":4,"10":2,"11":2,"12":1,"13":1,"14":1,"15":1},"b":{"1":[2,2],"2":[1,1],"3":[1,0],"4":[2,2],"5":[1,1],"6":[1,0]},"f":{"1":4,"2":4},"fnMap":{"1":{"name":"uppercase","line":7,"loc":{"start":{"line":7,"column":0},"end":{"line":7,"column":27}}},"2":{"name":"lowercase","line":17,"loc":{"start":{"line":17,"column":0},"end":{"line":17,"column":27}}}},"statementMap":{"1":{"start":{"line":7,"column":0},"end":{"line":15,"column":1}},"2":{"start":{"line":8,"column":1},"end":{"line":14,"column":2}},"3":{"start":{"line":9,"column":2},"end":{"line":9,"column":30}},"4":{"start":{"line":10,"column":8},"end":{"line":14,"column":2}},"5":{"start":{"line":11,"column":2},"end":{"line":11,"column":51}},"6":{"start":{"line":12,"column":8},"end":{"line":14,"column":2}},"7":{"start":{"line":13,"column":2},"end":{"line":13,"column":48}},"8":{"start":{"line":17,"column":0},"end":{"line":25,"column":1}},"9":{"start":{"line":18,"column":1},"end":{"line":24,"column":2}},"10":{"start":{"line":19,"column":2},"end":{"line":19,"column":30}},"11":{"start":{"line":20,"column":8},"end":{"line":24,"column":2}},"12":{"start":{"line":21,"column":2},"end":{"line":21,"column":51}},"13":{"start":{"line":22,"column":8},"end":{"line":24,"column":2}},"14":{"start":{"line":23,"column":2},"end":{"line":23,"column":48}},"15":{"start":{"line":27,"column":0},"end":{"line":30,"column":2}}},"branchMap":{"1":{"line":8,"type":"if","locations":[{"start":{"line":8,"column":1},"end":{"line":8,"column":1}},{"start":{"line":8,"column":1},"end":{"line":8,"column":1}}]},"2":{"line":10,"type":"if","locations":[{"start":{"line":10,"column":8},"end":{"line":10,"column":8}},{"start":{"line":10,"column":8},"end":{"line":10,"column":8}}]},"3":{"line":12,"type":"if","locations":[{"start":{"line":12,"column":8},"end":{"line":12,"column":8}},{"start":{"line":12,"column":8},"end":{"line":12,"column":8}}]},"4":{"line":18,"type":"if","locations":[{"start":{"line":18,"column":1},"end":{"line":18,"column":1}},{"start":{"line":18,"column":1},"end":{"line":18,"column":1}}]},"5":{"line":20,"type":"if","locations":[{"start":{"line":20,"column":8},"end":{"line":20,"column":8}},{"start":{"line":20,"column":8},"end":{"line":20,"column":8}}]},"6":{"line":22,"type":"if","locations":[{"start":{"line":22,"column":8},"end":{"line":22,"column":8}},{"start":{"line":22,"column":8},"end":{"line":22,"column":8}}]}}}}